<?xml version="1.0" encoding="UTF-8"?>
<!-- Generated by org.testng.reporters.JUnitReportReporter -->
<testsuite skipped="0" hostname="DESKTOP-H1D27CO" name="Website_test.NewTest" tests="1" failures="0" timestamp="14 Oct 2018 19:28:02 GMT" time="4.406" errors="0">
  <testcase name="verifyuser" time="4.406" classname="Website_test.NewTest"/>
</testsuite> <!-- Website_test.NewTest -->
