<?xml version="1.0" encoding="UTF-8"?>
<!-- Generated by org.testng.reporters.JUnitReportReporter -->
<testsuite skipped="0" hostname="AJIT-PC" name="Website_test.NewTest" tests="1" failures="0" timestamp="09 Oct 2018 11:08:18 GMT" time="11.118" errors="0">
  <testcase name="verifyuser" time="11.118" classname="Website_test.NewTest"/>
</testsuite> <!-- Website_test.NewTest -->
